<?xml version="1.0" encoding="UTF-8"?>
<!-- Generated by org.testng.reporters.JUnitReportReporter -->
<testsuite skipped="0" hostname="LAPTOP-0OP77ANE" name="AdvancedWebdriver.AjaxControl" tests="1" failures="0" timestamp="04 Aug 2018 23:41:51 GMT" time="2.633" errors="0">
  <testcase name="f" time="2.633" classname="AdvancedWebdriver.AjaxControl"/>
</testsuite> <!-- AdvancedWebdriver.AjaxControl -->
