<?xml version="1.0" encoding="UTF-8"?>
<!-- Generated by org.testng.reporters.JUnitReportReporter -->
<testsuite skipped="0" hostname="LAPTOP-0OP77ANE" name="ddfw.Inputstream" tests="1" failures="0" timestamp="27 Jun 2018 03:47:34 GMT" time="20.795" errors="0">
  <testcase name="f" time="20.795" classname="ddfw.Inputstream"/>
</testsuite> <!-- ddfw.Inputstream -->
