<?xml version="1.0" encoding="UTF-8"?>
<!-- Generated by org.testng.reporters.JUnitReportReporter -->
<testsuite skipped="0" hostname="LAPTOP-0OP77ANE" name="multifunction.DatePickerSimple" tests="1" failures="0" timestamp="27 Nov 2018 03:06:22 GMT" time="8.578" errors="0">
  <testcase name="testDAtePicker" time="8.578" classname="multifunction.DatePickerSimple"/>
</testsuite> <!-- multifunction.DatePickerSimple -->
