<?xml version="1.0" encoding="UTF-8"?>
<!-- Generated by org.testng.reporters.JUnitReportReporter -->
<testsuite skipped="0" hostname="LAPTOP-0OP77ANE" name="testNG.FB_Register" tests="1" failures="0" timestamp="27 Jun 2018 04:07:03 GMT" time="3.183" errors="0">
  <testcase name="f" time="3.183" classname="testNG.FB_Register"/>
</testsuite> <!-- testNG.FB_Register -->
