<?xml version="1.0" encoding="UTF-8"?>
<!-- Generated by org.testng.reporters.JUnitReportReporter -->
<testsuite skipped="0" hostname="LAPTOP-0OP77ANE" name="AdvancedWebdriver.Mouseover" tests="1" failures="0" timestamp="13 Aug 2018 17:06:13 GMT" time="3.203" errors="0">
  <testcase name="f" time="3.203" classname="AdvancedWebdriver.Mouseover"/>
</testsuite> <!-- AdvancedWebdriver.Mouseover -->
