<?xml version="1.0" encoding="UTF-8"?>
<!-- Generated by org.testng.reporters.JUnitReportReporter -->
<testsuite skipped="0" hostname="LAPTOP-0OP77ANE" name="testNG.Amazon_Multi_Function" tests="1" failures="0" timestamp="04 Aug 2018 23:32:08 GMT" time="17.025" errors="0">
  <testcase name="f" time="17.025" classname="testNG.Amazon_Multi_Function"/>
</testsuite> <!-- testNG.Amazon_Multi_Function -->
