<?xml version="1.0" encoding="UTF-8"?>
<!-- Generated by org.testng.reporters.JUnitReportReporter -->
<testsuite skipped="0" hostname="LAPTOP-0OP77ANE" name="AdvancedWebdriver.Screenshot" tests="1" failures="0" timestamp="27 Jun 2018 04:13:22 GMT" time="3.717" errors="0">
  <testcase name="f" time="3.717" classname="AdvancedWebdriver.Screenshot"/>
</testsuite> <!-- AdvancedWebdriver.Screenshot -->
