<?xml version="1.0" encoding="UTF-8"?>
<!-- Generated by org.testng.reporters.JUnitReportReporter -->
<testsuite skipped="0" hostname="LAPTOP-0OP77ANE" name="ddfw.OutputStream" tests="1" failures="0" timestamp="27 Jun 2018 03:50:37 GMT" time="18.749" errors="0">
  <testcase name="outputstream" time="18.749" classname="ddfw.OutputStream"/>
</testsuite> <!-- ddfw.OutputStream -->
