<?xml version="1.0" encoding="UTF-8"?>
<!-- Generated by org.testng.reporters.JUnitReportReporter -->
<testsuite skipped="0" hostname="LAPTOP-0OP77ANE" name="AdvancedWebdriver.PageScroll" tests="1" failures="0" timestamp="04 Jul 2018 22:18:39 GMT" time="0.086" errors="0">
  <testcase name="f" time="0.086" classname="AdvancedWebdriver.PageScroll"/>
</testsuite> <!-- AdvancedWebdriver.PageScroll -->
