<?xml version="1.0" encoding="UTF-8"?>
<!-- Generated by org.testng.reporters.JUnitReportReporter -->
<testsuite skipped="0" hostname="LAPTOP-0OP77ANE" name="testNG.ComWebdemo1" tests="5" failures="0" timestamp="07 Nov 2018 04:54:15 GMT" time="106.718" errors="0">
  <testcase name="method1" time="59.615" classname="testNG.ComWebdemo1"/>
  <testcase name="method2" time="21.578" classname="testNG.ComWebdemo1"/>
  <testcase name="method3" time="17.093" classname="testNG.ComWebdemo1"/>
  <testcase name="method4" time="6.656" classname="testNG.ComWebdemo1"/>
  <testcase name="method5" time="1.776" classname="testNG.ComWebdemo1"/>
</testsuite> <!-- testNG.ComWebdemo1 -->
