<?xml version="1.0" encoding="UTF-8"?>
<!-- Generated by org.testng.reporters.JUnitReportReporter -->
<testsuite skipped="0" hostname="LAPTOP-0OP77ANE" name="testNG.Comwebdemo" tests="1" failures="0" timestamp="22 Sep 2018 03:35:01 GMT" time="10.539" errors="0">
  <testcase name="method2" time="10.539" classname="testNG.Comwebdemo"/>
</testsuite> <!-- testNG.Comwebdemo -->
