<?xml version="1.0" encoding="UTF-8"?>
<!-- Generated by org.testng.reporters.JUnitReportReporter -->
<testsuite skipped="0" hostname="LAPTOP-0OP77ANE" name="ddfw.OutputStream" tests="1" failures="0" timestamp="21 Nov 2018 03:23:54 GMT" time="38.666" errors="0">
  <testcase name="outputstream" time="38.666" classname="ddfw.OutputStream"/>
</testsuite> <!-- ddfw.OutputStream -->
