<?xml version="1.0" encoding="UTF-8"?>
<!-- Generated by org.testng.reporters.JUnitReportReporter -->
<testsuite skipped="0" hostname="LAPTOP-0OP77ANE" name="ddfw.Inputstream" tests="1" failures="0" timestamp="28 Nov 2018 03:12:59 GMT" time="37.753" errors="0">
  <testcase name="f" time="37.753" classname="ddfw.Inputstream"/>
</testsuite> <!-- ddfw.Inputstream -->
