<?xml version="1.0" encoding="UTF-8"?>
<!-- Generated by org.testng.reporters.JUnitReportReporter -->
<testsuite skipped="0" hostname="LAPTOP-0OP77ANE" name="testNG.Amazon_Multi_Function" tests="1" failures="0" timestamp="14 Oct 2018 00:44:18 GMT" time="22.142" errors="0">
  <testcase name="f" time="22.142" classname="testNG.Amazon_Multi_Function"/>
</testsuite> <!-- testNG.Amazon_Multi_Function -->
