<?xml version="1.0" encoding="UTF-8"?>
<!-- Generated by org.testng.reporters.JUnitReportReporter -->
<testsuite skipped="0" hostname="LAPTOP-0UFO5ORC" name="testNG.Popup" tests="1" failures="0" timestamp="28 Feb 2019 03:04:47 GMT" time="26.596" errors="0">
  <testcase name="popup" time="26.596" classname="testNG.Popup"/>
</testsuite> <!-- testNG.Popup -->
