<?xml version="1.0" encoding="UTF-8"?>
<!-- Generated by org.testng.reporters.JUnitReportReporter -->
<testsuite skipped="0" hostname="LAPTOP-0UFO5ORC" name="testNG.FB_Register" tests="1" failures="0" timestamp="28 Feb 2019 00:22:22 GMT" time="1.140" errors="0">
  <testcase name="f" time="1.140" classname="testNG.FB_Register"/>
</testsuite> <!-- testNG.FB_Register -->
