<?xml version="1.0" encoding="UTF-8"?>
<!-- Generated by org.testng.reporters.JUnitReportReporter -->
<testsuite skipped="0" hostname="LAPTOP-0UFO5ORC" name="crossbrowser.VarifyTitle" tests="1" failures="0" timestamp="28 Feb 2019 02:41:54 GMT" time="26.011" errors="0">
  <testcase name="verifypageTitle" time="26.011" classname="crossbrowser.VarifyTitle"/>
</testsuite> <!-- crossbrowser.VarifyTitle -->
